[2025-04-16T03:22:13.434Z] error: 	The application had a critical error and failed to run
[2025-04-16T03:22:13.427Z] debug: 	Importing configs...
[2025-04-16T03:22:13.434Z] error: 	Exception produced: Error
[2025-04-16T03:22:13.433Z] info: 	Commit hash: 7a9a346bb2a08bffb965150784ca7869741804b1
[2025-04-16T03:22:13.433Z] info: 	Build date: 1744140374083
[2025-04-16T03:22:13.437Z] error: 	
Stacktrace:
Error: Cannot inject the dependency at position #2 of "Watermark" constructor. Reason:
    Cannot inject the dependency at position #3 of "LocalisationService" constructor. Reason:
        Config: spt-locale is undefined. Ensure you have not broken it via editing
    at C:\snapshot\project\node_modules\tsyringe\dist\cjs\dependency-container.js:324:23
    at Array.map (<anonymous>)
    at C:\snapshot\project\node_modules\tsyringe\dist\cjs\dependency-container.js:295:38
    at InternalDependencyContainer.construct (C:\snapshot\project\node_modules\tsyringe\dist\cjs\dependency-container.js:297:11)
    at InternalDependencyContainer.resolveRegistration (C:\snapshot\project\node_modules\tsyringe\dist\cjs\dependency-container.js:166:51)
    at InternalDependencyContainer.resolve (C:\snapshot\project\node_modules\tsyringe\dist\cjs\dependency-container.js:109:33)
    at Program.start (C:\snapshot\project\obj\Program.js)
    at Object.<anonymous> (C:\snapshot\project\obj\entry\run.js)
    at Module._compile (pkg/prelude/bootstrap.js:1934:22)
    at Object..js (node:internal/modules/cjs/loader:1712:10)
